srun: Job step aborted: Waiting up to 32 seconds for job step to finish.
slurmstepd: error: *** JOB 232965 ON node021 CANCELLED AT 2026-01-08T22:01:57 DUE TO TIME LIMIT ***
slurmstepd: error: *** STEP 232965.0 ON node021 CANCELLED AT 2026-01-08T22:01:57 DUE TO TIME LIMIT ***
